<?xml version="1.0" encoding="UTF-8"?>
<!-- Generated by org.testng.reporters.JUnitReportReporter -->
<testsuite skipped="0" hostname="LAPTOP-8F27PK4M" name="CommonLibrary.JavaCode" tests="1" failures="0" timestamp="2021-03-23T19:48:41 IST" time="0.014" errors="0">
  <testcase name="getTimeZone" time="0.014" classname="CommonLibrary.JavaCode"/>
  <system-out/>
</testsuite> <!-- CommonLibrary.JavaCode -->
