<?xml version="1.0" encoding="UTF-8"?>
<!-- Generated by org.testng.reporters.JUnitReportReporter -->
<testsuite skipped="3" hostname="LAPTOP-8F27PK4M" name="testPackage.TestSuite_One" tests="5" failures="0" timestamp="2021-05-01T14:51:15 IST" time="9.274" errors="0">
  <testcase name="validLoginTest" time="0.300" classname="testPackage.TestSuite_One"/>
  <system-out/>
  <testcase name="addNewProductByFilter" time="8.974" classname="testPackage.TestSuite_One"/>
  <system-out/>
  <testcase name="addNewProduct" classname="testPackage.TestSuite_One">
    <skipped/>
  </testcase> <!-- addNewProduct -->
  <system-out/>
  <testcase name="invalidLoginTest" classname="testPackage.TestSuite_One">
    <skipped/>
  </testcase> <!-- invalidLoginTest -->
  <system-out/>
  <testcase name="logOutTest" classname="testPackage.TestSuite_One">
    <skipped/>
  </testcase> <!-- logOutTest -->
  <system-out/>
</testsuite> <!-- testPackage.TestSuite_One -->
