<?xml version="1.0" encoding="UTF-8"?>
<!-- Generated by org.testng.reporters.JUnitReportReporter -->
<testsuite skipped="1" hostname="LAPTOP-8F27PK4M" name="testPackage.TestSuite_One" tests="3" failures="0" timestamp="2021-04-08T15:54:24 IST" time="15.806" errors="0">
  <testcase name="validLoginTest" time="0.539" classname="testPackage.TestSuite_One"/>
  <system-out/>
  <testcase name="logOutTest" time="15.267" classname="testPackage.TestSuite_One"/>
  <system-out/>
  <testcase name="invalidLoginTest" classname="testPackage.TestSuite_One">
    <skipped/>
  </testcase> <!-- invalidLoginTest -->
  <system-out/>
</testsuite> <!-- testPackage.TestSuite_One -->
