<?xml version="1.0" encoding="UTF-8"?>
<!-- Generated by org.testng.reporters.JUnitReportReporter -->
<testsuite skipped="1" hostname="LAPTOP-8F27PK4M" name="testPackage.TestSuite_One" tests="4" failures="0" timestamp="2021-04-12T21:31:14 IST" time="27.725" errors="0">
  <testcase name="validLoginTest" time="0.471" classname="testPackage.TestSuite_One"/>
  <system-out/>
  <testcase name="addNewProduct" time="11.764" classname="testPackage.TestSuite_One"/>
  <system-out/>
  <testcase name="logOutTest" time="15.490" classname="testPackage.TestSuite_One"/>
  <system-out/>
  <testcase name="invalidLoginTest" classname="testPackage.TestSuite_One">
    <skipped/>
  </testcase> <!-- invalidLoginTest -->
  <system-out/>
</testsuite> <!-- testPackage.TestSuite_One -->
