<?xml version="1.0" encoding="UTF-8"?>
<!-- Generated by org.testng.reporters.JUnitReportReporter -->
<testsuite skipped="0" hostname="LAPTOP-8F27PK4M" name="testNGPracticePackage.IOPracticeTestNG" tests="2" failures="0" timestamp="2021-05-18T23:30:44 IST" time="61.246" errors="0">
  <testcase name="dataUser" time="28.846" classname="testNGPracticePackage.IOPracticeTestNG"/>
  <system-out/>
  <testcase name="dataUser" time="32.400" classname="testNGPracticePackage.IOPracticeTestNG"/>
  <system-out/>
</testsuite> <!-- testNGPracticePackage.IOPracticeTestNG -->
