<?xml version="1.0" encoding="UTF-8"?>
<!-- Generated by org.testng.reporters.JUnitReportReporter -->
<testsuite skipped="0" hostname="LAPTOP-8F27PK4M" name="testPage.TestSuite_One" tests="1" failures="0" timestamp="2021-03-24T21:48:06 IST" time="13.321" errors="0">
  <testcase name="testCaseDriver" time="13.321" classname="testPage.TestSuite_One"/>
  <system-out/>
</testsuite> <!-- testPage.TestSuite_One -->
