<?xml version="1.0" encoding="UTF-8"?>
<!-- Generated by org.testng.reporters.JUnitReportReporter -->
<testsuite skipped="0" hostname="LAPTOP-8F27PK4M" name="MavFramework.PracticeClass" tests="2" failures="0" timestamp="2021-03-24T19:49:12 IST" time="0.019" errors="0">
  <testcase name="launchBrowser" time="0.015" classname="MavFramework.PracticeClass"/>
  <system-out/>
  <testcase name="launchApplication" time="0.004" classname="MavFramework.PracticeClass"/>
  <system-out/>
</testsuite> <!-- MavFramework.PracticeClass -->
