<?xml version="1.0" encoding="UTF-8"?>
<!-- Generated by org.testng.reporters.JUnitReportReporter -->
<testsuite skipped="2" hostname="LAPTOP-8F27PK4M" name="testPage.WindowHandling" tests="3" failures="0" timestamp="2021-05-24T21:13:35 IST" time="0.007" errors="0">
  <testcase name="hashMap" time="0.007" classname="testPage.WindowHandling"/>
  <system-out/>
  <testcase name="arrayList" classname="testPage.WindowHandling">
    <skipped/>
  </testcase> <!-- arrayList -->
  <system-out/>
  <testcase name="manageWindow" classname="testPage.WindowHandling">
    <skipped/>
  </testcase> <!-- manageWindow -->
  <system-out/>
</testsuite> <!-- testPage.WindowHandling -->
