<?xml version="1.0" encoding="UTF-8"?>
<!-- Generated by org.testng.reporters.JUnitReportReporter -->
<testsuite skipped="1" hostname="LAPTOP-8F27PK4M" name="testPackage.TestSuite_One" tests="2" failures="0" timestamp="2021-03-25T17:19:18 IST" time="0.256" errors="0">
  <testcase name="validLoginTest" time="0.256" classname="testPackage.TestSuite_One"/>
  <system-out/>
  <testcase name="invalidLoginTest" classname="testPackage.TestSuite_One">
    <skipped/>
  </testcase> <!-- invalidLoginTest -->
  <system-out/>
</testsuite> <!-- testPackage.TestSuite_One -->
