<?xml version="1.0" encoding="UTF-8"?>
<!-- Generated by org.testng.reporters.JUnitReportReporter -->
<testsuite skipped="0" hostname="LAPTOP-8F27PK4M" name="MavFramework.NewTest" tests="1" failures="0" timestamp="2020-03-05T23:02:56 IST" time="0.007" errors="0">
  <testcase name="f" time="0.007" classname="MavFramework.NewTest"/>
  <system-out/>
</testsuite> <!-- MavFramework.NewTest -->
