<?xml version="1.0" encoding="UTF-8"?>
<!-- Generated by org.testng.reporters.JUnitReportReporter -->
<testsuite skipped="2" hostname="LAPTOP-8F27PK4M" name="testPackage.TestSuite_One" tests="4" failures="0" timestamp="2021-04-14T20:22:59 IST" time="10.228" errors="0">
  <testcase name="validLoginTest" time="0.294" classname="testPackage.TestSuite_One"/>
  <system-out/>
  <testcase name="addNewProduct" time="9.934" classname="testPackage.TestSuite_One"/>
  <system-out/>
  <testcase name="invalidLoginTest" classname="testPackage.TestSuite_One">
    <skipped/>
  </testcase> <!-- invalidLoginTest -->
  <system-out/>
  <testcase name="logOutTest" classname="testPackage.TestSuite_One">
    <skipped/>
  </testcase> <!-- logOutTest -->
  <system-out/>
</testsuite> <!-- testPackage.TestSuite_One -->
