<?xml version="1.0" encoding="UTF-8"?>
<!-- Generated by org.testng.reporters.JUnitReportReporter -->
<testsuite skipped="0" hostname="LAPTOP-8F27PK4M" name="mavFramework.PracticeClass" tests="2" failures="0" timestamp="2021-03-24T20:08:13 IST" time="0.021" errors="0">
  <testcase name="launchBrowser" time="0.017" classname="mavFramework.PracticeClass"/>
  <system-out/>
  <testcase name="launchApplication" time="0.004" classname="mavFramework.PracticeClass"/>
  <system-out/>
</testsuite> <!-- mavFramework.PracticeClass -->
