<?xml version="1.0" encoding="UTF-8"?>
<!-- Generated by org.testng.reporters.JUnitReportReporter -->
<testsuite skipped="1" hostname="LAPTOP-8F27PK4M" name="testNGPracticePackage.DataProviderPractice" tests="1" failures="0" timestamp="2021-05-10T18:33:59 IST" time="0.000" errors="0">
  <testcase name="getDatafromDataProvider" time="0.000" classname="testNGPracticePackage.DataProviderPractice">
    <skipped/>
  </testcase> <!-- getDatafromDataProvider -->
  <system-out/>
</testsuite> <!-- testNGPracticePackage.DataProviderPractice -->
