<?xml version="1.0" encoding="UTF-8"?>
<!-- Generated by org.testng.reporters.JUnitReportReporter -->
<testsuite skipped="0" hostname="LAPTOP-8F27PK4M" name="commonLibrary.FileUpload" tests="1" failures="0" timestamp="2021-05-23T17:38:00 IST" time="14.475" errors="0">
  <testcase name="fileUpload" time="14.475" classname="commonLibrary.FileUpload"/>
  <system-out/>
</testsuite> <!-- commonLibrary.FileUpload -->
