<?xml version="1.0" encoding="UTF-8"?>
<!-- Generated by org.testng.reporters.JUnitReportReporter -->
<testsuite skipped="0" hostname="LAPTOP-8F27PK4M" name="commonLibrary.ExcelReader" tests="1" failures="0" timestamp="2021-05-24T22:56:00 IST" time="0.854" errors="0">
  <testcase name="dataReader" time="0.854" classname="commonLibrary.ExcelReader"/>
  <system-out/>
</testsuite> <!-- commonLibrary.ExcelReader -->
